<?xml version="1.0" encoding="UTF-8"?>
<!-- Generated by org.testng.reporters.JUnitXMLReporter -->
<testsuite ignored="0" hostname="Shailendar" failures="1" tests="1" name="BankingApp Test" time="10.505" errors="0" timestamp="2022-06-10T20:12:25 IST">
  <testcase classname="com.inetbanking.testCases.TC_LoginTest_001" name="loginTest" time="2.343">
    <failure type="org.openqa.selenium.UnhandledAlertException" message="unexpected alert open: {Alert text : User or Password is not valid}
  (Session info: MicrosoftEdge=102.0.1245.33): User or Password is not valid
Build info: version: &amp;apos;4.1.4&amp;apos;, revision: &amp;apos;535d840ee2&amp;apos;
System info: host: &amp;apos;SHAILENDAR&amp;apos;, ip: &amp;apos;192.168.29.52&amp;apos;, os.name: &amp;apos;Windows 11&amp;apos;, os.arch: &amp;apos;amd64&amp;apos;, os.version: &amp;apos;10.0&amp;apos;, java.version: &amp;apos;17.0.3.1&amp;apos;
Driver info: org.openqa.selenium.edge.EdgeDriver
Command: [fae6c2065b70567886107e7a7e03cca0, getTitle {}]
Capabilities {acceptInsecureCerts: false, browserName: msedge, browserVersion: 102.0.1245.33, javascriptEnabled: true, ms:edgeOptions: {debuggerAddress: localhost:54712}, msedge: {msedgedriverVersion: 101.0.1210.39 (ae7c307992c2..., userDataDir: C:\Users\gshai\AppData\Loca...}, networkConnectionEnabled: false, pageLoadStrategy: normal, platform: WINDOWS, platformName: WINDOWS, proxy: Proxy(), se:cdp: ws://localhost:54712/devtoo..., se:cdpVersion: 102.0.1245.33, setWindowRect: true, strictFileInteractability: false, timeouts: {implicit: 0, pageLoad: 300000, script: 30000}, unhandledPromptBehavior: dismiss and notify, webauthn:extension:credBlob: true, webauthn:extension:largeBlob: true, webauthn:virtualAuthenticators: true}
Session ID: fae6c2065b70567886107e7a7e03cca0">
      <![CDATA[org.openqa.selenium.UnhandledAlertException: unexpected alert open: {Alert text : User or Password is not valid}
  (Session info: MicrosoftEdge=102.0.1245.33): User or Password is not valid
Build info: version: '4.1.4', revision: '535d840ee2'
System info: host: 'SHAILENDAR', ip: '192.168.29.52', os.name: 'Windows 11', os.arch: 'amd64', os.version: '10.0', java.version: '17.0.3.1'
Driver info: org.openqa.selenium.edge.EdgeDriver
Command: [fae6c2065b70567886107e7a7e03cca0, getTitle {}]
Capabilities {acceptInsecureCerts: false, browserName: msedge, browserVersion: 102.0.1245.33, javascriptEnabled: true, ms:edgeOptions: {debuggerAddress: localhost:54712}, msedge: {msedgedriverVersion: 101.0.1210.39 (ae7c307992c2..., userDataDir: C:\Users\gshai\AppData\Loca...}, networkConnectionEnabled: false, pageLoadStrategy: normal, platform: WINDOWS, platformName: WINDOWS, proxy: Proxy(), se:cdp: ws://localhost:54712/devtoo..., se:cdpVersion: 102.0.1245.33, setWindowRect: true, strictFileInteractability: false, timeouts: {implicit: 0, pageLoad: 300000, script: 30000}, unhandledPromptBehavior: dismiss and notify, webauthn:extension:credBlob: true, webauthn:extension:largeBlob: true, webauthn:virtualAuthenticators: true}
Session ID: fae6c2065b70567886107e7a7e03cca0
at org.openqa.selenium.remote.codec.w3c.W3CHttpResponseCodec.decode(W3CHttpResponseCodec.java:131)
at org.openqa.selenium.remote.codec.w3c.W3CHttpResponseCodec.decode(W3CHttpResponseCodec.java:53)
at org.openqa.selenium.remote.HttpCommandExecutor.execute(HttpCommandExecutor.java:184)
at org.openqa.selenium.remote.service.DriverCommandExecutor.invokeExecute(DriverCommandExecutor.java:167)
at org.openqa.selenium.remote.service.DriverCommandExecutor.execute(DriverCommandExecutor.java:142)
at org.openqa.selenium.remote.RemoteWebDriver.execute(RemoteWebDriver.java:567)
at org.openqa.selenium.remote.RemoteWebDriver.execute(RemoteWebDriver.java:622)
at org.openqa.selenium.remote.RemoteWebDriver.execute(RemoteWebDriver.java:626)
at org.openqa.selenium.remote.RemoteWebDriver.getTitle(RemoteWebDriver.java:335)
at com.inetbanking.testCases.TC_LoginTest_001.loginTest(TC_LoginTest_001.java:33)
at java.base/java.util.ArrayList.forEach(ArrayList.java:1511)
... Removed 27 stack frames]]>
    </failure>
  </testcase> <!-- loginTest -->
</testsuite> <!-- BankingApp Test -->
